<?xml version="1.0" encoding="UTF-8"?>
<testsuite xmlns:xsi="http://www.w3.org/2001/XMLSchema-instance" xsi:noNamespaceSchemaLocation="https://maven.apache.org/surefire/maven-surefire-plugin/xsd/surefire-test-report-3.0.xsd" version="3.0" name="com.example.demo.OrderMicroserviceApplicationTests" time="9.517" tests="1" errors="0" skipped="0" failures="0">
  <properties>
[...]
</properties>
  <testcase name="contextLoads" classname="com.example.demo.OrderMicroserviceApplicationTests" time="0.875">
    <system-out><![CDATA[10:31:03.835 [main] INFO org.springframework.test.context.support.AnnotationConfigContextLoaderUtils -- Could not detect default configuration classes for test class [com.example.demo.OrderMicroserviceApplicationTests]: OrderMicroserviceApplicationTests does not declare any static, non-private, non-final, nested classes annotated with @Configuration.
10:31:04.223 [main] INFO org.springframework.boot.test.context.SpringBootTestContextBootstrapper -- Found @SpringBootConfiguration com.example.demo.OrderMicroserviceApplication for test class com.example.demo.OrderMicroserviceApplicationTests

  .   ____          _            __ _ _
 /\\ / ___'_ __ _ _(_)_ __  __ _ \ \ \ \
( ( )\___ | '_ | '_| | '_ \/ _` | \ \ \ \
 \\/  ___)| |_)| | | | | || (_| |  ) ) ) )
  '  |____| .__|_| |_|_| |_\__, | / / / /
 =========|_|==============|___/=/_/_/_/
 :: Spring Boot ::                (v3.1.4)

2025-09-30T10:31:05.092+05:30  INFO 28452 --- [           main] c.e.d.OrderMicroserviceApplicationTests  : Starting OrderMicroserviceApplicationTests using Java 21.0.7 with PID 28452 (started by OmParashuram.B in C:\Users\OmParashuram.B\Documents\workspace-spring-tools-for-eclipse-4.31.0.RELEASE\OrderMicroservice)
2025-09-30T10:31:05.095+05:30  INFO 28452 --- [           main] c.e.d.OrderMicroserviceApplicationTests  : No active profile set, falling back to 1 default profile: "default"
2025-09-30T10:31:06.323+05:30  INFO 28452 --- [           main] .s.d.r.c.RepositoryConfigurationDelegate : Bootstrapping Spring Data JPA repositories in DEFAULT mode.
2025-09-30T10:31:06.545+05:30  INFO 28452 --- [           main] .s.d.r.c.RepositoryConfigurationDelegate : Finished Spring Data repository scanning in 206 ms. Found 1 JPA repository interfaces.
2025-09-30T10:31:06.887+05:30  INFO 28452 --- [           main] o.s.cloud.context.scope.GenericScope     : BeanFactory id=b64dfe3a-64c1-3599-a1a0-97555ac258aa
2025-09-30T10:31:07.457+05:30  INFO 28452 --- [           main] o.hibernate.jpa.internal.util.LogHelper  : HHH000204: Processing PersistenceUnitInfo [name: default]
2025-09-30T10:31:07.569+05:30  INFO 28452 --- [           main] org.hibernate.Version                    : HHH000412: Hibernate ORM core version 6.2.9.Final
2025-09-30T10:31:07.573+05:30  INFO 28452 --- [           main] org.hibernate.cfg.Environment            : HHH000406: Using bytecode reflection optimizer
2025-09-30T10:31:07.832+05:30  INFO 28452 --- [           main] o.h.b.i.BytecodeProviderInitiator        : HHH000021: Bytecode provider name : bytebuddy
2025-09-30T10:31:08.065+05:30  INFO 28452 --- [           main] o.s.o.j.p.SpringPersistenceUnitInfo      : No LoadTimeWeaver setup: ignoring JPA class transformer
2025-09-30T10:31:08.123+05:30  INFO 28452 --- [           main] com.zaxxer.hikari.HikariDataSource       : HikariPool-1 - Starting...
2025-09-30T10:31:08.742+05:30  INFO 28452 --- [           main] com.zaxxer.hikari.pool.HikariPool        : HikariPool-1 - Added connection com.mysql.cj.jdbc.ConnectionImpl@3e9fb485
2025-09-30T10:31:08.749+05:30  INFO 28452 --- [           main] com.zaxxer.hikari.HikariDataSource       : HikariPool-1 - Start completed.
2025-09-30T10:31:08.833+05:30  WARN 28452 --- [           main] org.hibernate.orm.deprecation            : HHH90000026: MySQL8Dialect has been deprecated; use org.hibernate.dialect.MySQLDialect instead
2025-09-30T10:31:09.146+05:30  INFO 28452 --- [           main] o.h.b.i.BytecodeProviderInitiator        : HHH000021: Bytecode provider name : bytebuddy
2025-09-30T10:31:09.855+05:30  INFO 28452 --- [           main] o.h.e.t.j.p.i.JtaPlatformInitiator       : HHH000490: Using JtaPlatform implementation: [org.hibernate.engine.transaction.jta.platform.internal.NoJtaPlatform]
2025-09-30T10:31:09.929+05:30  INFO 28452 --- [           main] j.LocalContainerEntityManagerFactoryBean : Initialized JPA EntityManagerFactory for persistence unit 'default'
2025-09-30T10:31:10.568+05:30  WARN 28452 --- [           main] JpaBaseConfiguration$JpaWebConfiguration : spring.jpa.open-in-view is enabled by default. Therefore, database queries may be performed during view rendering. Explicitly configure spring.jpa.open-in-view to disable this warning
2025-09-30T10:31:11.291+05:30  INFO 28452 --- [           main] DiscoveryClientOptionalArgsConfiguration : Eureka HTTP Client uses RestTemplate.
2025-09-30T10:31:11.416+05:30  WARN 28452 --- [           main] iguration$LoadBalancerCaffeineWarnLogger : Spring Cloud LoadBalancer is currently working with the default cache. While this cache implementation is useful for development and tests, it's recommended to use Caffeine cache in production.You can switch to using Caffeine cache, by adding it and org.springframework.cache.caffeine.CaffeineCacheManager to the classpath.
2025-09-30T10:31:11.446+05:30  INFO 28452 --- [           main] o.s.c.n.eureka.InstanceInfoFactory       : Setting initial instance status as: STARTING
2025-09-30T10:31:11.646+05:30  INFO 28452 --- [           main] com.netflix.discovery.DiscoveryClient    : Initializing Eureka in region us-east-1
2025-09-30T10:31:11.654+05:30  INFO 28452 --- [           main] c.n.d.s.r.aws.ConfigClusterResolver      : Resolving eureka endpoints via configuration
2025-09-30T10:31:11.702+05:30  INFO 28452 --- [           main] com.netflix.discovery.DiscoveryClient    : Disable delta property : false
2025-09-30T10:31:11.702+05:30  INFO 28452 --- [           main] com.netflix.discovery.DiscoveryClient    : Single vip registry refresh property : null
2025-09-30T10:31:11.703+05:30  INFO 28452 --- [           main] com.netflix.discovery.DiscoveryClient    : Force full registry fetch : false
2025-09-30T10:31:11.703+05:30  INFO 28452 --- [           main] com.netflix.discovery.DiscoveryClient    : Application is null : false
2025-09-30T10:31:11.703+05:30  INFO 28452 --- [           main] com.netflix.discovery.DiscoveryClient    : Registered Applications size is zero : true
2025-09-30T10:31:11.703+05:30  INFO 28452 --- [           main] com.netflix.discovery.DiscoveryClient    : Application version is -1: true
2025-09-30T10:31:11.703+05:30  INFO 28452 --- [           main] com.netflix.discovery.DiscoveryClient    : Getting all instance registry info from the eureka server
2025-09-30T10:31:12.113+05:30  INFO 28452 --- [           main] com.netflix.discovery.DiscoveryClient    : The response status is 200
2025-09-30T10:31:12.118+05:30  INFO 28452 --- [           main] com.netflix.discovery.DiscoveryClient    : Starting heartbeat executor: renew interval is: 30
2025-09-30T10:31:12.122+05:30  INFO 28452 --- [           main] c.n.discovery.InstanceInfoReplicator     : InstanceInfoReplicator onDemand update allowed rate per min is 4
2025-09-30T10:31:12.131+05:30  INFO 28452 --- [           main] com.netflix.discovery.DiscoveryClient    : Discovery Client initialized at timestamp 1759208472128 with initial instances count: 2
2025-09-30T10:31:12.136+05:30  INFO 28452 --- [           main] o.s.c.n.e.s.EurekaServiceRegistry        : Registering application ORDERMICROSERVICE with eureka with status UP
2025-09-30T10:31:12.136+05:30  INFO 28452 --- [           main] com.netflix.discovery.DiscoveryClient    : Saw local status change event StatusChangeEvent [timestamp=1759208472136, current=UP, previous=STARTING]
2025-09-30T10:31:12.140+05:30  INFO 28452 --- [nfoReplicator-0] com.netflix.discovery.DiscoveryClient    : DiscoveryClient_ORDERMICROSERVICE/172.23.2.28:OrderMicroservice:9091: registering service...
2025-09-30T10:31:12.151+05:30  INFO 28452 --- [           main] c.e.d.OrderMicroserviceApplicationTests  : Started OrderMicroserviceApplicationTests in 7.655 seconds (process running for 10.586)
2025-09-30T10:31:12.201+05:30  INFO 28452 --- [nfoReplicator-0] com.netflix.discovery.DiscoveryClient    : DiscoveryClient_ORDERMICROSERVICE/172.23.2.28:OrderMicroservice:9091 - registration status: 204
]]></system-out>
    <system-err><![CDATA[WARNING: A Java agent has been loaded dynamically (C:\Users\OmParashuram.B\.m2\repository\net\bytebuddy\byte-buddy-agent\1.14.8\byte-buddy-agent-1.14.8.jar)
WARNING: If a serviceability tool is in use, please run with -XX:+EnableDynamicAgentLoading to hide this warning
WARNING: If a serviceability tool is not in use, please run with -Djdk.instrument.traceUsage for more information
WARNING: Dynamic loading of agents will be disallowed by default in a future release
]]></system-err>
  </testcase>
</testsuite>